<?xml version="1.0" encoding="UTF-8"?>
<!-- Generated by org.testng.reporters.JUnitXMLReporter -->
<testsuite hostname="Computer" ignored="0" name="Test Basics 1(failed)" tests="2" failures="2" timestamp="2023-02-26T17:23:19 IST" time="126.534" errors="0">
  <testcase name="loginDDT" time="16.999" classname="com.bank.testcases.TC2_LoginTest">
    <failure type="java.lang.AssertionError" message="expected [true] but found [false]">
      <![CDATA[java.lang.AssertionError: expected [true] but found [false]
at com.bank.testcases.TC2_LoginTest.loginDDT(TC2_LoginTest.java:23)
at java.util.ArrayList.forEach(Unknown Source)
... Removed 31 stack frames]]>
    </failure>
  </testcase> <!-- loginDDT -->
  <testcase name="loginDDT" time="9.151" classname="com.bank.testcases.TC2_LoginTest">
    <failure type="java.lang.AssertionError" message="expected [true] but found [false]">
      <![CDATA[java.lang.AssertionError: expected [true] but found [false]
at com.bank.testcases.TC2_LoginTest.loginDDT(TC2_LoginTest.java:23)
at java.util.ArrayList.forEach(Unknown Source)
... Removed 31 stack frames]]>
    </failure>
  </testcase> <!-- loginDDT -->
</testsuite> <!-- Test Basics 1(failed) -->
