<?xml version="1.0" encoding="UTF-8"?>
<testng-results skipped="0" failed="0" ignored="0" total="1" passed="1">
  <reporter-output>
  </reporter-output>
  <suite name="Practice Suite" duration-ms="129388" started-at="2023-03-02T21:30:58 IST" finished-at="2023-03-02T21:33:07 IST">
    <groups>
    </groups>
    <test name="Test Basics 1" duration-ms="129388" started-at="2023-03-02T21:30:58 IST" finished-at="2023-03-02T21:33:07 IST">
      <class name="com.bank.testcases.TC1_LoginTest">
        <test-method status="PASS" signature="setUp(java.lang.String)[pri:0, instance:com.bank.testcases.TC1_LoginTest@19b92f3]" name="setUp" is-config="true" duration-ms="83570" started-at="2023-03-02T21:31:03 IST" finished-at="2023-03-02T21:32:27 IST">
          <params>
            <param index="0">
              <value>
                <![CDATA[chrome]]>
              </value>
            </param>
          </params>
          <reporter-output>
          </reporter-output>
        </test-method> <!-- setUp -->
        <test-method status="PASS" signature="loginTest()[pri:0, instance:com.bank.testcases.TC1_LoginTest@19b92f3]" name="loginTest" duration-ms="27911" started-at="2023-03-02T21:32:28 IST" finished-at="2023-03-02T21:32:55 IST">
          <reporter-output>
          </reporter-output>
        </test-method> <!-- loginTest -->
        <test-method status="PASS" signature="tearDown()[pri:0, instance:com.bank.testcases.TC1_LoginTest@19b92f3]" name="tearDown" is-config="true" duration-ms="11550" started-at="2023-03-02T21:32:56 IST" finished-at="2023-03-02T21:33:07 IST">
          <reporter-output>
          </reporter-output>
        </test-method> <!-- tearDown -->
      </class> <!-- com.bank.testcases.TC1_LoginTest -->
    </test> <!-- Test Basics 1 -->
  </suite> <!-- Practice Suite -->
</testng-results>
